<?xml version="1.0" encoding="UTF-8"?>
<!-- Generated by org.testng.reporters.JUnitReportReporter -->
<testsuite hostname="DAAIM-PC" failures="0" tests="1" name="testCases.TC_001_AccountRegistrationTest" time="1.536" errors="0" timestamp="2023-06-01T23:05:30 MDT" skipped="0">
  <testcase classname="testCases.TC_001_AccountRegistrationTest" name="test_account_Registration" time="1.536"/>
  <system-out/>
</testsuite> <!-- testCases.TC_001_AccountRegistrationTest -->
